[25-Feb-2021 03:16:14 UTC] {
    "method": "PHPINFO"
}
[25-Feb-2021 03:16:30 UTC] {
    "method": "PHPINFO"
}
[25-Feb-2021 15:50:23 UTC] {
    "method": "PHPINFO"
}
[25-Feb-2021 18:34:20 UTC] {
    "method": "PHPINFO"
}
[26-Feb-2021 02:51:09 UTC] {
    "method": "PHPINFO"
}
[27-Feb-2021 08:49:57 UTC] {
    "method": "PHPINFO"
}
[27-Feb-2021 09:10:10 UTC] {
    "method": "StopServer",
    "api_url": "http:\/\/pacs-1:8042\/"
}
[27-Feb-2021 09:10:50 UTC] {
    "method": "StopServer",
    "api_url": "http:\/\/pacs-1:8042\/"
}
[27-Feb-2021 09:11:38 UTC] {
    "method": "StopServer",
    "api_url": "http:\/\/pacs-1:8042\/"
}
[27-Feb-2021 09:11:38 UTC] executeCURL:  http://pacs-1:8042/tools/shutdown
[27-Feb-2021 09:12:42 UTC] {
    "method": "StopServer",
    "api_url": "http:\/\/pacs-1:8042\/"
}
[27-Feb-2021 09:12:42 UTC] executeCURL:  http://pacs-1:8042/tools/shutdown
[27-Feb-2021 09:14:21 UTC] {
    "method": "StopServer",
    "api_url": "http:\/\/pacs-1:8042\/"
}
[27-Feb-2021 09:14:21 UTC] executeCURL:  http://pacs-1:8042/tools/shutdown
[27-Feb-2021 09:16:00 UTC] {
    "method": "StopServer",
    "api_url": "http:\/\/pacs-1:8042\/"
}
[27-Feb-2021 09:16:00 UTC] executeCURL:  http://pacs-1:8042/tools/shutdown
[27-Feb-2021 09:16:00 UTC] {
    "method": "StopServer",
    "api_url": "http:\/\/pacs-1:8042\/"
}
[27-Feb-2021 09:16:00 UTC] executeCURL:  http://pacs-1:8042/tools/shutdown
[27-Feb-2021 09:21:52 UTC] {
    "method": "StopServer",
    "api_url": "http:\/\/pacs-1:8042\/"
}
[27-Feb-2021 09:22:29 UTC] {
    "method": "StopServer",
    "api_url": "http:\/\/pacs-1:8042\/"
}
[27-Feb-2021 09:23:55 UTC] {
    "method": "StopServer",
    "api_url": "http:\/\/pacs-1:8042\/"
}
[27-Feb-2021 09:24:41 UTC] {
    "method": "StopServer",
    "api_url": "http:\/\/pacs-1:8042\/"
}
[27-Feb-2021 09:51:48 UTC] {
    "method": "PHPINFO",
    "api_url": "http:\/\/pacs-1:8042\/"
}
[27-Feb-2021 09:51:53 UTC] {
    "method": "PHPINFO",
    "api_url": "http:\/\/pacs-1:8042\/"
}
[27-Feb-2021 12:41:24 UTC] {
    "method": "PHPINFO",
    "api_url": "http:\/\/pacs-1:8042\/"
}
[27-Feb-2021 13:27:28 UTC] {
    "method": "StopServer",
    "api_url": "http:\/\/pacs-1:8042\/"
}
[27-Feb-2021 14:29:23 UTC] {
    "method": "PHPINFO",
    "api_url": "http:\/\/pacs-1:8042\/"
}
[27-Feb-2021 15:19:33 UTC] {
    "method": "PHPINFO",
    "api_url": "http:\/\/pacs-1:8042\/"
}
[27-Feb-2021 21:05:41 UTC] {
    "method": "PHPINFO",
    "api_url": "http:\/\/pacs-1:8042\/"
}
[07-Mar-2021 03:35:40 UTC] {
    "method": "PHPINFO",
    "api_url": "http:\/\/pacs-1:8042\/"
}
[08-Mar-2021 19:31:45 UTC] {
    "method": "PHPINFO",
    "api_url": "http:\/\/pacs-1:8042\/"
}
[08-Mar-2021 19:42:39 UTC] {
    "method": "PHPINFO",
    "api_url": "http:\/\/pacs-1:8042\/"
}
[08-Mar-2021 23:52:51 UTC] {
    "method": "PHPINFO",
    "api_url": "http:\/\/pacs-1:8042\/"
}
[09-Mar-2021 02:08:12 UTC] {
    "method": "PHPINFO",
    "api_url": "http:\/\/pacs-1:8042\/"
}
[09-Mar-2021 02:08:19 UTC] {
    "method": "PHPINFO",
    "api_url": "http:\/\/pacs-1:8042\/"
}
